Encoding: iso-8859-1
Detected dtd version 13.0.105
VCANdelaPersistorImpl::GetFileVersion: DTD version '13.0.105' detected
Detected dtd version 13.0.105
VCANdelaPersistorImpl::GetFileVersion: DTD version '13.0.105' detected
Loading 'C:\MKS\DAIMLER_MMA\Phase_02\View_Test\Tools\CANoe\Config\DAIMLER_MMA_VERIF\Userfiles\RBTMFL174.cdd'...
  dtd version: file 13.0.105, program 15.0.4
Document supports the languages (en-US)
Document contains the uptodate languages (en-US)
Template: Qualifier : DCS_UDS, SaveNo : 20, Label : 1.00.70, DPRS
  template data loaded
Loaded Snapshot records and data
Loaded Extended data
Loaded Snapshot records and data
Loaded Extended data
  variant 'Common_Diagnostics' loaded
  variant 'Bootloader' loaded
Loaded Snapshot records and data
Loaded Extended data
  variant 'V010' loaded
Start loading requirement data model
End loading requirement data model
Document version: 02.00.10
Done loading.
  Logging turned on again
Checking consistency of document. This may take a while, please be patient...
Linked Target Group and State: "Anybody".
Linked Target Group and State: "Supplier".
Linked Target Group and State: "Development_ENHANCED".
Linked Target Group and State: "Production".
Linked Target Group and State: "After_Sales_ENHANCED".
Linked Target Group and State: "After_Sales_STANDARD".
Linked Target Group and State: "After_Sales_BASIC".
Linked Target Group and State: "Internal_Diagnostic_Test_Tool".
Linked Target Group and State: "ePTI_Test_Tool".
Warning: DTC table in Diagnostic Instance qpath:/Common_Diagnostics/Development_Fault_Memory' has no DTC.
Service "Start" in Variant "Common Diagnostics" is not executable in any state of state group "Authorization".  Services and jobs must be at least executable in one state of each state group.
Service "Start" in Variant "Common Diagnostics" is not executable in any state of state group "Authorization".  Services and jobs must be at least executable in one state of each state group.
Service "Start" in Variant "Common Diagnostics" is not executable in any state of state group "Authorization".  Services and jobs must be at least executable in one state of each state group.
Service "Start" in Variant "V010" is not executable in any state of state group "Authorization".  Services and jobs must be at least executable in one state of each state group.
Service "Start" in Variant "V010" is not executable in any state of state group "Authorization".  Services and jobs must be at least executable in one state of each state group.
Service "Start" in Variant "V010" is not executable in any state of state group "Authorization".  Services and jobs must be at least executable in one state of each state group.
ComParamMan: Unidentified ComParam CP_CanPhysReqId
ComParamMan: Unidentified ComParam CP_CanPhysReqExtAddr
ComParamMan: Unidentified ComParam CP_CanRespUSDTId
ComParamMan: Unidentified ComParam CP_CanRespUSDTExtAddr
ComParamMan: Unidentified ComParam CP_CanFuncReqId
ComParamMan: Unidentified ComParam CP_CanFuncReqExtAddr
ComParamMan: Unidentified ComParam CP_Baudrate
ComParamMan: Unidentified ComParam CP_BlockSize
ComParamMan: Unidentified ComParam CP_StMin
ComParamMan: Unidentified ComParam CP_P2Max
ComParamMan: Unidentified ComParam CP_P2Star
ComParamMan: Unidentified ComParam CP_P3Func
ComParamMan: Unidentified ComParam CP_P3Phys
ComParamMan: Unidentified ComParam CP_TesterPresentHandling
ComParamMan: Unidentified ComParam CP_TesterPresentTime
ComParamMan: Unidentified ComParam CP_TesterPresentAddrMode
ComParamMan: Unidentified ComParam CP_TesterPresentReqRsp
ComParamMan: Unidentified ComParam CP_TesterPresentSendType
ComParamMan: Unidentified ComParam CP_TesterPresentMessage
ComParamMan: Unidentified ComParam CP_TesterPresentExpPosResp
ComParamMan: Unidentified ComParam CP_TesterPresentExpNegResp
ComParamMan: Unidentified ComParam CP_RepeatReqCountApp
ComParamMan: Unidentified ComParam CP_Bs
ComParamMan: Unidentified ComParam CP_Br
ComParamMan: Unidentified ComParam CP_Cr
ComParamMan: Unidentified ComParam CP_CanTransmissionTime
ComParamMan: Unidentified ComParam CP_RC21Handling
ComParamMan: Unidentified ComParam CP_RC21CompletionTimeout
ComParamMan: Unidentified ComParam CP_RC23Handling
ComParamMan: Unidentified ComParam CP_RC23CompletionTimeout
ComParamMan: Unidentified ComParam CP_RC78Handling
ComParamMan: Unidentified ComParam CP_RC78CompletionTimeout
ComParamMan: Unidentified ComParam CP_CanRespUUDTExtAddr
ComParamMan: Unidentified ComParam CP_CanRespUUDTId
ComParamMan: Unidentified ComParam CP_StMinOverride
ComParamMan: Unidentified ComParam CP_ModifyTiming
ComParamMan: Unidentified ComParam CP_SamplesPerBit
ComParamMan: Unidentified ComParam DiagnosticConnectionRef
ComParamMan: Unidentified ComParam DiagnosticProtocolPriority
ComParamMan: Unidentified ComParam CP_P2Max_Ecu
ComParamMan: Unidentified ComParam CP_P2Star_Ecu
ComParamMan: Unidentified ComParam CP_CANFDSyncJumpWidth
ComParamMan: Unidentified ComParam CP_CANFDTxMaxDataLength
ComParamMan: Unidentified ComParam CP_CANFDBitSamplePoint
ComParamMan: Unidentified ComParam CanFdDataBaudrate
ComParamMan: Setting COM parameter 'BusType' to value 'Ethernet' failed. Invalid value!
ComParamMan: Unidentified ComParam CP_DoIPLogicalEcuAddress
ComParamMan: Unidentified ComParam CP_DoIPLogicalFunctionalAddress
ComParamMan: Unidentified ComParam CP_DoIPLogicalGatewayAddress
ComParamMan: Unidentified ComParam CP_DoIPLogicalTesterAddress
ComParamMan: Unidentified ComParam CP_DoIPRoutingActivationTimeout
ComParamMan: Unidentified ComParam CP_DoIPRoutingActivationType
ComParamMan: Unidentified ComParam CP_P3Func
ComParamMan: Trying to insert already existent communication parameter 'CP_P3Func' into ComParamCollection
ComParamMan: Unidentified ComParam CP_P3Phys
ComParamMan: Trying to insert already existent communication parameter 'CP_P3Phys' into ComParamCollection
ComParamMan: Unidentified ComParam CP_P6Max
ComParamMan: Unidentified ComParam CP_P6Star
ComParamMan: Unidentified ComParam CP_RC21Handling
ComParamMan: Trying to insert already existent communication parameter 'CP_RC21Handling' into ComParamCollection
ComParamMan: Unidentified ComParam CP_RC21CompletionTimeout
ComParamMan: Trying to insert already existent communication parameter 'CP_RC21CompletionTimeout' into ComParamCollection
ComParamMan: Unidentified ComParam CP_RC21RequestTime
ComParamMan: Unidentified ComParam CP_RC78Handling
ComParamMan: Trying to insert already existent communication parameter 'CP_RC78Handling' into ComParamCollection
ComParamMan: Unidentified ComParam CP_RC78CompletionTimeout
ComParamMan: Trying to insert already existent communication parameter 'CP_RC78CompletionTimeout' into ComParamCollection
ComParamMan: Unidentified ComParam CP_RepeatReqCountApp
ComParamMan: Trying to insert already existent communication parameter 'CP_RepeatReqCountApp' into ComParamCollection
ComParamMan: Unidentified ComParam CP_P2Max_Ecu
ComParamMan: Trying to insert already existent communication parameter 'CP_P2Max_Ecu' into ComParamCollection
ComParamMan: Unidentified ComParam CP_P2Star_Ecu
ComParamMan: Trying to insert already existent communication parameter 'CP_P2Star_Ecu' into ComParamCollection
ComParamMan: Unidentified ComParam CP_TesterPresentHandling
ComParamMan: Trying to insert already existent communication parameter 'CP_TesterPresentHandling' into ComParamCollection
ComParamMan: Unidentified ComParam CP_TesterPresentTime
ComParamMan: Trying to insert already existent communication parameter 'CP_TesterPresentTime' into ComParamCollection
ComParamMan: Unidentified ComParam CP_TesterPresentTime_Ecu
ComParamMan: Unidentified ComParam CP_TesterPresentAddrMode
ComParamMan: Trying to insert already existent communication parameter 'CP_TesterPresentAddrMode' into ComParamCollection
ComParamMan: Unidentified ComParam CP_TesterPresentMessage
ComParamMan: Trying to insert already existent communication parameter 'CP_TesterPresentMessage' into ComParamCollection
ComParamMan: Unidentified ComParam CP_TesterPresentExpPosResp
ComParamMan: Trying to insert already existent communication parameter 'CP_TesterPresentExpPosResp' into ComParamCollection
ComParamMan: Unidentified ComParam CP_TesterPresentExpNegResp
ComParamMan: Trying to insert already existent communication parameter 'CP_TesterPresentExpNegResp' into ComParamCollection
ComParamMan: Unidentified ComParam CP_TesterPresentSendType
ComParamMan: Trying to insert already existent communication parameter 'CP_TesterPresentSendType' into ComParamCollection
ComParamMan: Unidentified ComParam CP_TesterPresentReqRsp
ComParamMan: Trying to insert already existent communication parameter 'CP_TesterPresentReqRsp' into ComParamCollection
ComParamMan: Unidentified ComParam DiagnosticConnectionRef
ComParamMan: Trying to insert already existent communication parameter 'DiagnosticConnectionRef' into ComParamCollection
ComParamMan: Unidentified ComParam DiagnosticProtocolPriority
ComParamMan: Trying to insert already existent communication parameter 'DiagnosticProtocolPriority' into ComParamCollection
ComParamMan: Setting COM parameter 'BusType' to value 'Ethernet' failed. Invalid value!
ComParamMan: Unidentified ComParam CP_DoIPLogicalEcuAddress
ComParamMan: Trying to insert already existent communication parameter 'CP_DoIPLogicalEcuAddress' into ComParamCollection
ComParamMan: Unidentified ComParam CP_DoIPLogicalFunctionalAddress
ComParamMan: Trying to insert already existent communication parameter 'CP_DoIPLogicalFunctionalAddress' into ComParamCollection
ComParamMan: Unidentified ComParam CP_DoIPLogicalGatewayAddress
ComParamMan: Trying to insert already existent communication parameter 'CP_DoIPLogicalGatewayAddress' into ComParamCollection
ComParamMan: Unidentified ComParam CP_DoIPLogicalTesterAddress
ComParamMan: Trying to insert already existent communication parameter 'CP_DoIPLogicalTesterAddress' into ComParamCollection
ComParamMan: Unidentified ComParam CP_DoIPRoutingActivationTimeout
ComParamMan: Trying to insert already existent communication parameter 'CP_DoIPRoutingActivationTimeout' into ComParamCollection
ComParamMan: Unidentified ComParam CP_DoIPRoutingActivationType
ComParamMan: Trying to insert already existent communication parameter 'CP_DoIPRoutingActivationType' into ComParamCollection
ComParamMan: Unidentified ComParam CP_P3Func
ComParamMan: Trying to insert already existent communication parameter 'CP_P3Func' into ComParamCollection
ComParamMan: Unidentified ComParam CP_P3Phys
ComParamMan: Trying to insert already existent communication parameter 'CP_P3Phys' into ComParamCollection
ComParamMan: Unidentified ComParam CP_P6Max
ComParamMan: Trying to insert already existent communication parameter 'CP_P6Max' into ComParamCollection
ComParamMan: Unidentified ComParam CP_P6Star
ComParamMan: Trying to insert already existent communication parameter 'CP_P6Star' into ComParamCollection
ComParamMan: Unidentified ComParam CP_RC21Handling
ComParamMan: Trying to insert already existent communication parameter 'CP_RC21Handling' into ComParamCollection
ComParamMan: Unidentified ComParam CP_RC21CompletionTimeout
ComParamMan: Trying to insert already existent communication parameter 'CP_RC21CompletionTimeout' into ComParamCollection
ComParamMan: Unidentified ComParam CP_RC21RequestTime
ComParamMan: Trying to insert already existent communication parameter 'CP_RC21RequestTime' into ComParamCollection
ComParamMan: Unidentified ComParam CP_RC78Handling
ComParamMan: Trying to insert already existent communication parameter 'CP_RC78Handling' into ComParamCollection
ComParamMan: Unidentified ComParam CP_RC78CompletionTimeout
ComParamMan: Trying to insert already existent communication parameter 'CP_RC78CompletionTimeout' into ComParamCollection
ComParamMan: Unidentified ComParam CP_RepeatReqCountApp
ComParamMan: Trying to insert already existent communication parameter 'CP_RepeatReqCountApp' into ComParamCollection
ComParamMan: Unidentified ComParam CP_P2Max_Ecu
ComParamMan: Trying to insert already existent communication parameter 'CP_P2Max_Ecu' into ComParamCollection
ComParamMan: Unidentified ComParam CP_P2Star_Ecu
ComParamMan: Trying to insert already existent communication parameter 'CP_P2Star_Ecu' into ComParamCollection
ComParamMan: Unidentified ComParam CP_TesterPresentHandling
ComParamMan: Trying to insert already existent communication parameter 'CP_TesterPresentHandling' into ComParamCollection
ComParamMan: Unidentified ComParam CP_TesterPresentTime
ComParamMan: Trying to insert already existent communication parameter 'CP_TesterPresentTime' into ComParamCollection
ComParamMan: Unidentified ComParam CP_TesterPresentTime_Ecu
ComParamMan: Trying to insert already existent communication parameter 'CP_TesterPresentTime_Ecu' into ComParamCollection
ComParamMan: Unidentified ComParam CP_TesterPresentAddrMode
ComParamMan: Trying to insert already existent communication parameter 'CP_TesterPresentAddrMode' into ComParamCollection
ComParamMan: Unidentified ComParam CP_TesterPresentMessage
ComParamMan: Trying to insert already existent communication parameter 'CP_TesterPresentMessage' into ComParamCollection
ComParamMan: Unidentified ComParam CP_TesterPresentExpPosResp
ComParamMan: Trying to insert already existent communication parameter 'CP_TesterPresentExpPosResp' into ComParamCollection
ComParamMan: Unidentified ComParam CP_TesterPresentExpNegResp
ComParamMan: Trying to insert already existent communication parameter 'CP_TesterPresentExpNegResp' into ComParamCollection
ComParamMan: Unidentified ComParam CP_TesterPresentSendType
ComParamMan: Trying to insert already existent communication parameter 'CP_TesterPresentSendType' into ComParamCollection
ComParamMan: Unidentified ComParam CP_TesterPresentReqRsp
ComParamMan: Trying to insert already existent communication parameter 'CP_TesterPresentReqRsp' into ComParamCollection
ComParamMan: Unidentified ComParam DiagnosticConnectionRef
ComParamMan: Trying to insert already existent communication parameter 'DiagnosticConnectionRef' into ComParamCollection
ComParamMan: Unidentified ComParam DiagnosticProtocolPriority
ComParamMan: Trying to insert already existent communication parameter 'DiagnosticProtocolPriority' into ComParamCollection
Checking request length for services supporting functional addressing for normal addressing scheme.
...Done.
Checking service prefixes in base variant 'Common_Diagnostics' ... OK
Checking service prefixes in extended variant 'Bootloader' ... OK
Checking service prefixes in extended variant 'V010' ... OK
Document is consistent.
